#
# A fatal error has been detected by the Java Runtime Environment:
#
#  EXCEPTION_STACK_OVERFLOW (0xc00000fd) at pc=0x000000007110b206, pid=7692, tid=0x0000000000007acc
#
# JRE version: Java(TM) SE Runtime Environment (8.0_151-b12) (build 1.8.0_151-b12)
# Java VM: Java HotSpot(TM) 64-Bit Server VM (25.151-b12 mixed mode windows-amd64 compressed oops)
# Problematic frame:
# C  [jSSC-2.8_x86_64.dll+0xb206]
#
# Failed to write core dump. Minidumps are not enabled by default on client versions of Windows
#
# If you would like to submit a bug report, please visit:
#   http://bugreport.java.com/bugreport/crash.jsp
# The crash happened outside the Java Virtual Machine in native code.
# See problematic frame for where to report the bug.
#

---------------  T H R E A D  ---------------

Current thread (0x000000001d7f2800):  JavaThread "EventThread COM39" [_thread_in_native, id=31436, stack(0x0000000020830000,0x0000000020930000)]

siginfo: ExceptionCode=0xc00000fd, ExceptionInformation=0x0000000000000001 0x00000000208302d0 

Registers:
RAX=0xfffffffffff01f20, RBX=0x0000000000367f80, RCX=0x00000000208302d0, RDX=0x0000000000000000
RSP=0x000000002092f2b8, RBP=0x000000002092f340, RSI=0x00000000ffffff16, RDI=0x000000001d7f29f8
R8 =0x0000000000367f80, R9 =0x0000000000000104, R10=0x0000000000000004, R11=0x0000000000000102
R12=0x0000000000000000, R13=0x000000001bad93f8, R14=0x00000000000004e8, R15=0x000000001d7f2800
RIP=0x000000007110b206, EFLAGS=0x0000000000010202

Top of Stack: (sp=0x000000002092f2b8)
0x000000002092f2b8:   ffffffffffffff20 0000000000000019
0x000000002092f2c8:   00000000711019ec 0000000000000020
0x000000002092f2d8:   000000001d7f29f8 000000002092f2f0
0x000000002092f2e8:   0000000801000000 00000000000002b2
0x000000002092f2f8:   0000000000000000 0000000000000000
0x000000002092f308:   0000000200367f80 000000001bad93f8
0x000000002092f318:   0000000000200021 00000000028680e0
0x000000002092f328:   0000000000000000 000000001bad93f8
0x000000002092f338:   000000002092f408 000000002092f3d0
0x000000002092f348:   0000000002877f74 0000000000000000
0x000000002092f358:   000000002092f370 000000002092f3c8
0x000000002092f368:   000000000286835d 000000076b1e14f8
0x000000002092f378:   000000001bad9230 0000000000200021
0x000000002092f388:   000000000286835d 000000002092f390
0x000000002092f398:   0000000000000000 000000002092f408
0x000000002092f3a8:   000000001bad9cc0 0000000000000000 

Instructions: (pc=0x000000007110b206)
0x000000007110b1e6:   90 90 90 90 90 90 90 90 90 90 51 50 48 3d 00 10
0x000000007110b1f6:   00 00 48 8d 4c 24 18 72 19 48 81 e9 00 10 00 00
0x000000007110b206:   48 83 09 00 48 2d 00 10 00 00 48 3d 00 10 00 00
0x000000007110b216:   77 e7 48 29 c1 48 83 09 00 58 59 c3 90 90 90 90 


Register to memory mapping:

RAX=0xfffffffffff01f20 is an unknown value
RBX=0x0000000000367f80 is an unknown value
RCX=0x00000000208302d0 is pointing into the stack for thread: 0x000000001d7f2800
RDX=0x0000000000000000 is an unknown value
RSP=0x000000002092f2b8 is pointing into the stack for thread: 0x000000001d7f2800
RBP=0x000000002092f340 is pointing into the stack for thread: 0x000000001d7f2800
RSI=0x00000000ffffff16 is an unknown value
RDI=0x000000001d7f29f8 is an unknown value
R8 =0x0000000000367f80 is an unknown value
R9 =0x0000000000000104 is an unknown value
R10=0x0000000000000004 is an unknown value
R11=0x0000000000000102 is an unknown value
R12=0x0000000000000000 is an unknown value
R13={method} {0x000000001bad9400} 'readBytes' '(JI)[B' in 'jssc/SerialNativeInterface'
R14=0x00000000000004e8 is an unknown value
R15=0x000000001d7f2800 is a thread


Stack: [0x0000000020830000,0x0000000020930000],  sp=0x000000002092f2b8,  free space=1020k
Native frames: (J=compiled Java code, j=interpreted, Vv=VM code, C=native code)
C  [jSSC-2.8_x86_64.dll+0xb206]

Java frames: (J=compiled Java code, j=interpreted, Vv=VM code)
j  jssc.SerialNativeInterface.readBytes(JI)[B+0
j  jssc.SerialPort.readBytes(I)[B+15
j  com.gthings.impl.SensorNodes_RF$1.serialEvent(Ljssc/SerialPortEvent;)V+46
j  jssc.SerialPort$EventThread.run()V+69
v  ~StubRoutines::call_stub

---------------  P R O C E S S  ---------------

Java Threads: ( => current thread )
  0x000000001d7f5800 JavaThread "DestroyJavaVM" [_thread_blocked, id=9156, stack(0x0000000002760000,0x0000000002860000)]
  0x000000001d7f4800 JavaThread "Thread-20" [_thread_in_native, id=27612, stack(0x000000001cf30000,0x000000001d030000)]
  0x000000001d7f4000 JavaThread "Timer-16" [_thread_blocked, id=30376, stack(0x0000000020a80000,0x0000000020b80000)]
  0x000000001d7f3000 JavaThread "Timer-15" [_thread_blocked, id=9220, stack(0x00000000206f0000,0x00000000207f0000)]
=>0x000000001d7f2800 JavaThread "EventThread COM39" [_thread_in_native, id=31436, stack(0x0000000020830000,0x0000000020930000)]
  0x000000001d7f1800 JavaThread "Timer-14" [_thread_blocked, id=15976, stack(0x000000001fc90000,0x000000001fd90000)]
  0x000000001d7f1000 JavaThread "Timer-13" [_thread_blocked, id=32704, stack(0x000000001fde0000,0x000000001fee0000)]
  0x000000001d7f0000 JavaThread "EventThread COM34" [_thread_in_native, id=7316, stack(0x000000001fa20000,0x000000001fb20000)]
  0x000000001d7ef800 JavaThread "Timer-12" [_thread_blocked, id=26584, stack(0x000000001fb50000,0x000000001fc50000)]
  0x000000001d7ee800 JavaThread "Timer-11" [_thread_blocked, id=17912, stack(0x000000001f8f0000,0x000000001f9f0000)]
  0x000000001d7ee000 JavaThread "Timer-10" [_thread_blocked, id=8560, stack(0x000000001ebf0000,0x000000001ecf0000)]
  0x000000001d7ed000 JavaThread "Timer-9" [_thread_blocked, id=31452, stack(0x000000001f6f0000,0x000000001f7f0000)]
  0x000000001d7ec800 JavaThread "Timer-8" [_thread_blocked, id=16996, stack(0x000000001f570000,0x000000001f670000)]
  0x000000001d7e1000 JavaThread "Timer-7" [_thread_blocked, id=31876, stack(0x000000001f3b0000,0x000000001f4b0000)]
  0x000000001d7e0800 JavaThread "Timer-6" [_thread_blocked, id=4472, stack(0x000000001e6b0000,0x000000001e7b0000)]
  0x000000001d7df000 JavaThread "Timer-5" [_thread_blocked, id=22604, stack(0x000000001f230000,0x000000001f330000)]
  0x000000001d7d2800 JavaThread "Timer-4" [_thread_blocked, id=18156, stack(0x000000001f030000,0x000000001f130000)]
  0x000000001d7d2000 JavaThread "Timer-3" [_thread_blocked, id=23244, stack(0x000000001ee70000,0x000000001ef70000)]
  0x000000001d7ce000 JavaThread "Timer-2" [_thread_blocked, id=13996, stack(0x000000001e9e0000,0x000000001eae0000)]
  0x000000001d7c2000 JavaThread "Timer-1" [_thread_blocked, id=19104, stack(0x000000001ed10000,0x000000001ee10000)]
  0x000000001d7c6800 JavaThread "Timer-0" [_thread_blocked, id=27916, stack(0x000000001eae0000,0x000000001ebe0000)]
  0x000000001d7bb800 JavaThread "Keep-Alive-Timer" daemon [_thread_blocked, id=8744, stack(0x000000001e8e0000,0x000000001e9e0000)]
  0x000000001d4d5000 JavaThread "Service Thread" daemon [_thread_blocked, id=31508, stack(0x000000001dfd0000,0x000000001e0d0000)]
  0x000000001d457000 JavaThread "C1 CompilerThread2" daemon [_thread_blocked, id=20096, stack(0x000000001dea0000,0x000000001dfa0000)]
  0x000000001d456000 JavaThread "C2 CompilerThread1" daemon [_thread_blocked, id=9648, stack(0x000000001dd40000,0x000000001de40000)]
  0x000000001d44e800 JavaThread "C2 CompilerThread0" daemon [_thread_blocked, id=7748, stack(0x000000001d880000,0x000000001d980000)]
  0x000000001c04f800 JavaThread "Attach Listener" daemon [_thread_blocked, id=8580, stack(0x000000001db90000,0x000000001dc90000)]
  0x000000001d43b800 JavaThread "Signal Dispatcher" daemon [_thread_blocked, id=12268, stack(0x000000001d9a0000,0x000000001daa0000)]
  0x000000001c02a000 JavaThread "Finalizer" daemon [_thread_blocked, id=32408, stack(0x000000001d330000,0x000000001d430000)]
  0x000000001bfe3000 JavaThread "Reference Handler" daemon [_thread_blocked, id=7248, stack(0x000000001d220000,0x000000001d320000)]

Other Threads:
  0x000000001bfdb800 VMThread [stack: 0x000000001d030000,0x000000001d130000] [id=30484]
  0x000000001d515800 WatcherThread [stack: 0x000000001e1c0000,0x000000001e2c0000] [id=17268]

VM state:not at safepoint (normal execution)

VM Mutex/Monitor currently owned by a thread: None

Heap:
 PSYoungGen      total 76288K, used 14419K [0x000000076b180000, 0x0000000770680000, 0x00000007c0000000)
  eden space 65536K, 22% used [0x000000076b180000,0x000000076bf94fb0,0x000000076f180000)
  from space 10752K, 0% used [0x000000076fc00000,0x000000076fc00000,0x0000000770680000)
  to   space 10752K, 0% used [0x000000076f180000,0x000000076f180000,0x000000076fc00000)
 ParOldGen       total 175104K, used 0K [0x00000006c1400000, 0x00000006cbf00000, 0x000000076b180000)
  object space 175104K, 0% used [0x00000006c1400000,0x00000006c1400000,0x00000006cbf00000)
 Metaspace       used 5203K, capacity 5338K, committed 5504K, reserved 1056768K
  class space    used 568K, capacity 631K, committed 640K, reserved 1048576K

Card table byte_map: [0x0000000011c20000,0x0000000012420000] byte_map_base: 0x000000000e616000

Marking Bits: (ParMarkBitMap*) 0x00000000517ed850
 Begin Bits: [0x0000000012ef0000, 0x0000000016ea0000)
 End Bits:   [0x0000000016ea0000, 0x000000001ae50000)

Polling page: 0x00000000001b0000

CodeCache: size=245760Kb used=1697Kb max_used=1704Kb free=244062Kb
 bounds [0x0000000002860000, 0x0000000002ad0000, 0x0000000011860000]
 total_blobs=603 nmethods=312 adapters=204
 compilation: enabled

Compilation events (10 events):
Event: 0.397 Thread 0x000000001d457000  307       3       java.lang.ClassLoader::findLoadedClass (16 bytes)
Event: 0.398 Thread 0x000000001d457000 nmethod 307 0x0000000002a014d0 code [0x0000000002a01640, 0x0000000002a01878]
Event: 0.495 Thread 0x000000001d456000  309       4       sun.nio.cs.ext.DoubleByte$Encoder::encodeChar (21 bytes)
Event: 0.495 Thread 0x000000001d456000 nmethod 309 0x0000000002a01190 code [0x0000000002a012e0, 0x0000000002a013d8]
Event: 0.529 Thread 0x000000001d457000  310       3       sun.misc.FDBigInteger::mult (64 bytes)
Event: 0.529 Thread 0x000000001d457000 nmethod 310 0x0000000002a0a490 code [0x0000000002a0a600, 0x0000000002a0a890]
Event: 0.529 Thread 0x000000001d457000  311       3       sun.misc.FDBigInteger::<init> (30 bytes)
Event: 0.529 Thread 0x000000001d457000 nmethod 311 0x0000000002a0a010 code [0x0000000002a0a180, 0x0000000002a0a3a8]
Event: 0.529 Thread 0x000000001d457000  312       3       java.nio.Buffer::remaining (10 bytes)
Event: 0.529 Thread 0x000000001d457000 nmethod 312 0x0000000002a09d10 code [0x0000000002a09e60, 0x0000000002a09fb0]

GC Heap History (0 events):
No events

Deoptimization events (0 events):
No events

Internal exceptions (4 events):
Event: 0.023 Thread 0x00000000024ce800 Exception <a 'java/lang/NoSuchMethodError': Method sun.misc.Unsafe.defineClass(Ljava/lang/String;[BII)Ljava/lang/Class; name or signature does not match> (0x000000076b187ca8) thrown at [C:\re\workspace\8-2-build-windows-amd64-cygwin\jdk8u151\9699\hotspot\
Event: 0.023 Thread 0x00000000024ce800 Exception <a 'java/lang/NoSuchMethodError': Method sun.misc.Unsafe.prefetchRead(Ljava/lang/Object;J)V name or signature does not match> (0x000000076b187f90) thrown at [C:\re\workspace\8-2-build-windows-amd64-cygwin\jdk8u151\9699\hotspot\src\share\vm\prims
Event: 0.115 Thread 0x00000000024ce800 Exception <a 'java/lang/NoSuchFieldError': method resolution failed> (0x000000076b4b34b8) thrown at [C:\re\workspace\8-2-build-windows-amd64-cygwin\jdk8u151\9699\hotspot\src\share\vm\prims\methodHandles.cpp, line 1146]
Event: 0.117 Thread 0x00000000024ce800 Exception <a 'java/lang/NoSuchFieldError': method resolution failed> (0x000000076b4c08b8) thrown at [C:\re\workspace\8-2-build-windows-amd64-cygwin\jdk8u151\9699\hotspot\src\share\vm\prims\methodHandles.cpp, line 1146]

Events (10 events):
Event: 0.396 loading class com/gthings/socket/GthingsSocketLocalServer$1
Event: 0.396 loading class com/gthings/socket/GthingsSocketLocalServer$1 done
Event: 0.396 Thread 0x000000001d7f4000 Thread added: 0x000000001d7f4000
Event: 0.396 loading class java/net/ServerSocket
Event: 0.396 loading class java/net/ServerSocket done
Event: 0.397 Thread 0x000000001d7f4800 Thread added: 0x000000001d7f4800
Event: 0.397 Thread 0x00000000024ce800 Thread exited: 0x00000000024ce800
Event: 0.397 Thread 0x000000001d7f5800 Thread added: 0x000000001d7f5800
Event: 0.529 loading class sun/misc/FDBigInteger
Event: 0.529 loading class sun/misc/FDBigInteger done


Dynamic libraries:
0x000000013f4f0000 - 0x000000013f527000 	C:\Program Files\Java\jdk1.8.0_151\bin\javaw.exe
0x0000000076fd0000 - 0x000000007717a000 	C:\Windows\SYSTEM32\ntdll.dll
0x0000000076db0000 - 0x0000000076ecf000 	C:\Windows\system32\kernel32.dll
0x000007fefcdb0000 - 0x000007fefce1a000 	C:\Windows\system32\KERNELBASE.dll
0x000007fefd1d0000 - 0x000007fefd2ab000 	C:\Windows\system32\ADVAPI32.dll
0x000007fefd650000 - 0x000007fefd6ef000 	C:\Windows\system32\msvcrt.dll
0x000007fefd4d0000 - 0x000007fefd4ef000 	C:\Windows\SYSTEM32\sechost.dll
0x000007fefdae0000 - 0x000007fefdc0d000 	C:\Windows\system32\RPCRT4.dll
0x0000000076ed0000 - 0x0000000076fca000 	C:\Windows\system32\USER32.dll
0x000007feff270000 - 0x000007feff2d7000 	C:\Windows\system32\GDI32.dll
0x000007fefd7f0000 - 0x000007fefd7fe000 	C:\Windows\system32\LPK.dll
0x000007fefd580000 - 0x000007fefd64a000 	C:\Windows\system32\USP10.dll
0x000007fefb700000 - 0x000007fefb8f4000 	C:\Windows\WinSxS\amd64_microsoft.windows.common-controls_6595b64144ccf1df_6.0.7601.23403_none_e36ad4593102f066\COMCTL32.dll
0x000007fefd500000 - 0x000007fefd571000 	C:\Windows\system32\SHLWAPI.dll
0x000007feff060000 - 0x000007feff08e000 	C:\Windows\system32\IMM32.DLL
0x000007fefd0c0000 - 0x000007fefd1c9000 	C:\Windows\system32\MSCTF.dll
0x00000000604f0000 - 0x00000000605c2000 	C:\Program Files\Java\jdk1.8.0_151\jre\bin\msvcr100.dll
0x0000000050fd0000 - 0x000000005186d000 	C:\Program Files\Java\jdk1.8.0_151\jre\bin\server\jvm.dll
0x000007fee9b60000 - 0x000007fee9b69000 	C:\Windows\system32\WSOCK32.dll
0x000007feff010000 - 0x000007feff05d000 	C:\Windows\system32\WS2_32.dll
0x000007fefd4f0000 - 0x000007fefd4f8000 	C:\Windows\system32\NSI.dll
0x000007fefa9a0000 - 0x000007fefa9db000 	C:\Windows\system32\WINMM.dll
0x000007fefbdf0000 - 0x000007fefbdfc000 	C:\Windows\system32\VERSION.dll
0x0000000077190000 - 0x0000000077197000 	C:\Windows\system32\PSAPI.DLL
0x0000000067990000 - 0x000000006799f000 	C:\Program Files\Java\jdk1.8.0_151\jre\bin\verify.dll
0x0000000060660000 - 0x0000000060689000 	C:\Program Files\Java\jdk1.8.0_151\jre\bin\java.dll
0x0000000067970000 - 0x0000000067986000 	C:\Program Files\Java\jdk1.8.0_151\jre\bin\zip.dll
0x000007fefe280000 - 0x000007feff00a000 	C:\Windows\system32\SHELL32.dll
0x000007fefdc10000 - 0x000007fefde13000 	C:\Windows\system32\ole32.dll
0x000007fefcd10000 - 0x000007fefcd1f000 	C:\Windows\system32\profapi.dll
0x0000000060640000 - 0x000000006065a000 	C:\Program Files\Java\jdk1.8.0_151\jre\bin\net.dll
0x000007fefc3f0000 - 0x000007fefc445000 	C:\Windows\system32\mswsock.dll
0x000007fefc3e0000 - 0x000007fefc3e7000 	C:\Windows\System32\wship6.dll
0x000007fefc0d0000 - 0x000007fefc0d7000 	C:\Windows\System32\wshtcpip.dll
0x000007fefc4a0000 - 0x000007fefc4fb000 	C:\Windows\system32\DNSAPI.dll
0x000007fefa460000 - 0x000007fefa487000 	C:\Windows\system32\IPHLPAPI.DLL
0x000007fefa450000 - 0x000007fefa45b000 	C:\Windows\system32\WINNSI.DLL
0x000007fef70f0000 - 0x000007fef70f8000 	C:\Windows\system32\rasadhlp.dll
0x000007fefa340000 - 0x000007fefa393000 	C:\Windows\System32\fwpuclnt.dll
0x0000000071100000 - 0x0000000071125000 	C:\Users\GIGABYTE\.jssc\windows\jSSC-2.8_x86_64.dll
0x000007fef8330000 - 0x000007fef8455000 	C:\Windows\system32\dbghelp.dll

VM Arguments:
jvm_args: -Dfile.encoding=MS949 
java_command: com.gthings.exe.Run
java_class_path (initial): C:\Program Files\Java\jdk1.8.0_151\jre\lib\resources.jar;C:\Program Files\Java\jdk1.8.0_151\jre\lib\rt.jar;C:\Program Files\Java\jdk1.8.0_151\jre\lib\jsse.jar;C:\Program Files\Java\jdk1.8.0_151\jre\lib\jce.jar;C:\Program Files\Java\jdk1.8.0_151\jre\lib\charsets.jar;C:\Program Files\Java\jdk1.8.0_151\jre\lib\jfr.jar;C:\Program Files\Java\jdk1.8.0_151\jre\lib\ext\access-bridge-64.jar;C:\Program Files\Java\jdk1.8.0_151\jre\lib\ext\cldrdata.jar;C:\Program Files\Java\jdk1.8.0_151\jre\lib\ext\dnsns.jar;C:\Program Files\Java\jdk1.8.0_151\jre\lib\ext\jaccess.jar;C:\Program Files\Java\jdk1.8.0_151\jre\lib\ext\jfxrt.jar;C:\Program Files\Java\jdk1.8.0_151\jre\lib\ext\localedata.jar;C:\Program Files\Java\jdk1.8.0_151\jre\lib\ext\nashorn.jar;C:\Program Files\Java\jdk1.8.0_151\jre\lib\ext\sunec.jar;C:\Program Files\Java\jdk1.8.0_151\jre\lib\ext\sunjce_provider.jar;C:\Program Files\Java\jdk1.8.0_151\jre\lib\ext\sunmscapi.jar;C:\Program Files\Java\jdk1.8.0_151\jre\lib\ext\sunpkcs11.jar;C:\Program Files\Java\jdk1.8.0_151\jre\lib\ext\zipfs.jar;D:\workspace_gthings\GThings_LocalServer_v3.0\bin;D:\workspace_gthings\GThings_LocalServer_v1.3\lib\commons-net-3.6.jar;D:\workspace_gthings\GThings_LocalServer_v1.3\lib\java-json.jar;D:\workspace_gthings\GThings_LocalServer_v1.3\lib\jssc-2.8.0.jar;D:\workspace_gthings\GThings_LocalServer_v3.0\lib\pi4j-core.jar;D:\workspace_gthings\GThings_LocalServer_v3.0\lib\pi4j-device.jar;D:\workspace_gthings\GThings_LocalServer_v3.0\lib\pi4j-gpio-extension.jar
Launcher Type: SUN_STANDARD

Environment Variables:
JAVA_HOME=C:\Program Files\Java\jdk1.8.0_151
PATH=C:/Program Files/Java/jre1.8.0_171/bin/server;C:/Program Files/Java/jre1.8.0_171/bin;C:/Program Files/Java/jre1.8.0_171/lib/amd64;C:\ProgramData\Oracle\Java\javapath;C:\Program Files (x86)\Common Files\Oracle\Java\javapath;C:\Program Files\Java\jdk1.8.0_151\bin;c:\Program Files\Java\jre1.8.0_151;C:\Program Files (x86)\Intel\iCLS Client\;C:\Program Files\Intel\iCLS Client\;C:\Windows\system32;C:\Windows;C:\Windows\System32\Wbem;C:\Windows\System32\WindowsPowerShell\v1.0\;C:\Program Files (x86)\Intel\Intel(R) Management Engine Components\DAL;C:\Program Files\Intel\Intel(R) Management Engine Components\DAL;C:\Program Files (x86)\Intel\Intel(R) Management Engine Components\IPT;C:\Program Files\Intel\Intel(R) Management Engine Components\IPT;d:\android-sdk\platform-tools;d:\android-sdk\tools;C:\Program Files\Java\jdk1.8.0_151\bin;D:\nodejs\;d:\Program Files\Git\cmd;C:\Users\GIGABYTE\AppData\Local\GitHubDesktop\bin;C:\Program Files\Java\jdk1.8.0_151\bin;C:\Users\GIGABYTE\AppData\Roaming\npm;D:\java-oxygen\eclipse;
USERNAME=GIGABYTE
OS=Windows_NT
PROCESSOR_IDENTIFIER=Intel64 Family 6 Model 158 Stepping 9, GenuineIntel



---------------  S Y S T E M  ---------------

OS: Windows 7 , 64 bit Build 7601 (6.1.7601.23572)

CPU:total 4 (initial active 4) (4 cores per cpu, 1 threads per core) family 6 model 158 stepping 9, cmov, cx8, fxsr, mmx, sse, sse2, sse3, ssse3, sse4.1, sse4.2, popcnt, avx, avx2, aes, clmul, erms, rtm, 3dnowpref, lzcnt, tsc, tscinvbit, bmi1, bmi2, adx

Memory: 4k page, physical 16687548k(4944464k free), swap 33373236k(17757560k free)

vm_info: Java HotSpot(TM) 64-Bit Server VM (25.151-b12) for windows-amd64 JRE (1.8.0_151-b12), built on Sep  5 2017 19:33:46 by "java_re" with MS VC++ 10.0 (VS2010)

time: Thu Jul 12 19:15:49 2018
elapsed time: 2 seconds (0d 0h 0m 2s)

