#
# A fatal error has been detected by the Java Runtime Environment:
#
#  EXCEPTION_STACK_OVERFLOW (0xc00000fd) at pc=0x000000007110b206, pid=31680, tid=0x0000000000004084
#
# JRE version: Java(TM) SE Runtime Environment (8.0_151-b12) (build 1.8.0_151-b12)
# Java VM: Java HotSpot(TM) 64-Bit Server VM (25.151-b12 mixed mode windows-amd64 compressed oops)
# Problematic frame:
# C  [jSSC-2.8_x86_64.dll+0xb206]
#
# Failed to write core dump. Minidumps are not enabled by default on client versions of Windows
#
# If you would like to submit a bug report, please visit:
#   http://bugreport.java.com/bugreport/crash.jsp
# The crash happened outside the Java Virtual Machine in native code.
# See problematic frame for where to report the bug.
#

---------------  T H R E A D  ---------------

Current thread (0x000000001e27b800):  JavaThread "EventThread COM39" [_thread_in_native, id=16516, stack(0x00000000206b0000,0x00000000207b0000)]

siginfo: ExceptionCode=0xc00000fd, ExceptionInformation=0x0000000000000001 0x00000000206b0130 

Registers:
RAX=0xfffffffffff01f70, RBX=0x0000000000547f80, RCX=0x00000000206b0130, RDX=0x0000000000000000
RSP=0x00000000207af118, RBP=0x00000000207af1a0, RSI=0x00000000ffffff70, RDI=0x000000001e27b9f8
R8 =0x0000000000547f80, R9 =0x0000000000000104, R10=0x0000000000000004, R11=0x0000000000000102
R12=0x0000000000000000, R13=0x000000001ba492a0, R14=0x00000000000004e8, R15=0x000000001e27b800
RIP=0x000000007110b206, EFLAGS=0x0000000000010206

Top of Stack: (sp=0x00000000207af118)
0x00000000207af118:   ffffffffffffff70 0000000000000019
0x00000000207af128:   00000000711019ec 0000000000000020
0x00000000207af138:   000000001e27b9f8 00000000207af150
0x00000000207af148:   0000000801000000 00000000000002d0
0x00000000207af158:   0000000000000000 0000000000000000
0x00000000207af168:   0000000200547f80 000000001ba492a0
0x00000000207af178:   0000000000200021 00000000026c80e0
0x00000000207af188:   0000000000000000 000000001ba492a0
0x00000000207af198:   00000000207af268 00000000207af230
0x00000000207af1a8:   00000000026d7f74 0000000000000000
0x00000000207af1b8:   00000000207af1d0 00000000207af228
0x00000000207af1c8:   00000000026c835d 000000076b1e14f8
0x00000000207af1d8:   000000001ba490d8 0000000000200021
0x00000000207af1e8:   00000000026c835d 00000000207af1f0
0x00000000207af1f8:   0000000000000000 00000000207af268
0x00000000207af208:   000000001ba49b68 0000000000000000 

Instructions: (pc=0x000000007110b206)
0x000000007110b1e6:   90 90 90 90 90 90 90 90 90 90 51 50 48 3d 00 10
0x000000007110b1f6:   00 00 48 8d 4c 24 18 72 19 48 81 e9 00 10 00 00
0x000000007110b206:   48 83 09 00 48 2d 00 10 00 00 48 3d 00 10 00 00
0x000000007110b216:   77 e7 48 29 c1 48 83 09 00 58 59 c3 90 90 90 90 


Register to memory mapping:

RAX=0xfffffffffff01f70 is an unknown value
RBX=0x0000000000547f80 is an unknown value
RCX=0x00000000206b0130 is pointing into the stack for thread: 0x000000001e27b800
RDX=0x0000000000000000 is an unknown value
RSP=0x00000000207af118 is pointing into the stack for thread: 0x000000001e27b800
RBP=0x00000000207af1a0 is pointing into the stack for thread: 0x000000001e27b800
RSI=0x00000000ffffff70 is an unknown value
RDI=0x000000001e27b9f8 is an unknown value
R8 =0x0000000000547f80 is an unknown value
R9 =0x0000000000000104 is an unknown value
R10=0x0000000000000004 is an unknown value
R11=0x0000000000000102 is an unknown value
R12=0x0000000000000000 is an unknown value
R13={method} {0x000000001ba492a8} 'readBytes' '(JI)[B' in 'jssc/SerialNativeInterface'
R14=0x00000000000004e8 is an unknown value
R15=0x000000001e27b800 is a thread


Stack: [0x00000000206b0000,0x00000000207b0000],  sp=0x00000000207af118,  free space=1020k
Native frames: (J=compiled Java code, j=interpreted, Vv=VM code, C=native code)
C  [jSSC-2.8_x86_64.dll+0xb206]

Java frames: (J=compiled Java code, j=interpreted, Vv=VM code)
j  jssc.SerialNativeInterface.readBytes(JI)[B+0
j  jssc.SerialPort.readBytes(I)[B+15
j  com.gthings.impl.SensorNodes_RF$1.serialEvent(Ljssc/SerialPortEvent;)V+46
j  jssc.SerialPort$EventThread.run()V+69
v  ~StubRoutines::call_stub

---------------  P R O C E S S  ---------------

Java Threads: ( => current thread )
  0x000000001e2d3000 JavaThread "DestroyJavaVM" [_thread_blocked, id=12300, stack(0x00000000025c0000,0x00000000026c0000)]
  0x000000001e2d2800 JavaThread "Thread-20" [_thread_in_native, id=23088, stack(0x0000000020b40000,0x0000000020c40000)]
  0x000000001e27d000 JavaThread "Timer-16" [_thread_blocked, id=31372, stack(0x00000000208d0000,0x00000000209d0000)]
  0x000000001e27c800 JavaThread "Timer-15" [_thread_blocked, id=32392, stack(0x0000000020570000,0x0000000020670000)]
=>0x000000001e27b800 JavaThread "EventThread COM39" [_thread_in_native, id=16516, stack(0x00000000206b0000,0x00000000207b0000)]
  0x000000001e27b000 JavaThread "Timer-14" [_thread_blocked, id=13360, stack(0x0000000020450000,0x0000000020550000)]
  0x000000001e27a000 JavaThread "Timer-13" [_thread_blocked, id=27476, stack(0x000000001fef0000,0x000000001fff0000)]
  0x000000001e279800 JavaThread "EventThread COM34" [_thread_in_native, id=15436, stack(0x0000000020350000,0x0000000020450000)]
  0x000000001e278800 JavaThread "Timer-12" [_thread_blocked, id=31156, stack(0x00000000201b0000,0x00000000202b0000)]
  0x000000001e278000 JavaThread "Timer-11" [_thread_blocked, id=16692, stack(0x000000001f770000,0x000000001f870000)]
  0x000000001e277000 JavaThread "Timer-10" [_thread_blocked, id=29496, stack(0x0000000020060000,0x0000000020160000)]
  0x000000001e276000 JavaThread "Timer-9" [_thread_blocked, id=20116, stack(0x000000001fdc0000,0x000000001fec0000)]
  0x000000001e29a800 JavaThread "Timer-8" [_thread_blocked, id=18476, stack(0x000000001fca0000,0x000000001fda0000)]
  0x000000001e292800 JavaThread "Timer-7" [_thread_blocked, id=32604, stack(0x000000001f9e0000,0x000000001fae0000)]
  0x000000001e291800 JavaThread "Timer-6" [_thread_blocked, id=37112, stack(0x000000001fae0000,0x000000001fbe0000)]
  0x000000001e290000 JavaThread "Timer-5" [_thread_blocked, id=17256, stack(0x000000001ef10000,0x000000001f010000)]
  0x000000001e28a000 JavaThread "Timer-4" [_thread_blocked, id=17412, stack(0x000000001f880000,0x000000001f980000)]
  0x000000001e26f800 JavaThread "Timer-3" [_thread_blocked, id=27276, stack(0x000000001f650000,0x000000001f750000)]
  0x000000001e26d800 JavaThread "Timer-2" [_thread_blocked, id=26816, stack(0x000000001f180000,0x000000001f280000)]
  0x000000001e26b000 JavaThread "Timer-1" [_thread_blocked, id=9532, stack(0x000000001f480000,0x000000001f580000)]
  0x000000001e289000 JavaThread "Timer-0" [_thread_blocked, id=28448, stack(0x000000001f2a0000,0x000000001f3a0000)]
  0x000000001d90c800 JavaThread "Keep-Alive-Timer" daemon [_thread_blocked, id=30100, stack(0x000000001f070000,0x000000001f170000)]
  0x000000001d60e000 JavaThread "Service Thread" daemon [_thread_blocked, id=8240, stack(0x000000001e130000,0x000000001e230000)]
  0x000000001d59a800 JavaThread "C1 CompilerThread2" daemon [_thread_blocked, id=26640, stack(0x000000001dfc0000,0x000000001e0c0000)]
  0x000000001d590800 JavaThread "C2 CompilerThread1" daemon [_thread_blocked, id=20424, stack(0x000000001de10000,0x000000001df10000)]
  0x000000001bfcd000 JavaThread "C2 CompilerThread0" daemon [_thread_blocked, id=16936, stack(0x000000001dca0000,0x000000001dda0000)]
  0x000000001bfca000 JavaThread "Attach Listener" daemon [_thread_blocked, id=28604, stack(0x000000001ceb0000,0x000000001cfb0000)]
  0x000000001d57a800 JavaThread "Signal Dispatcher" daemon [_thread_blocked, id=10340, stack(0x000000001d9c0000,0x000000001dac0000)]
  0x000000001bfaa000 JavaThread "Finalizer" daemon [_thread_blocked, id=29056, stack(0x000000001d470000,0x000000001d570000)]
  0x000000001bf63000 JavaThread "Reference Handler" daemon [_thread_blocked, id=12720, stack(0x000000001d280000,0x000000001d380000)]

Other Threads:
  0x000000001bf5b800 VMThread [stack: 0x000000001d090000,0x000000001d190000] [id=8992]
  0x000000001d670800 WatcherThread [stack: 0x000000001db20000,0x000000001dc20000] [id=15604]

VM state:not at safepoint (normal execution)

VM Mutex/Monitor currently owned by a thread: None

Heap:
 PSYoungGen      total 76288K, used 14419K [0x000000076b180000, 0x0000000770680000, 0x00000007c0000000)
  eden space 65536K, 22% used [0x000000076b180000,0x000000076bf94fb0,0x000000076f180000)
  from space 10752K, 0% used [0x000000076fc00000,0x000000076fc00000,0x0000000770680000)
  to   space 10752K, 0% used [0x000000076f180000,0x000000076f180000,0x000000076fc00000)
 ParOldGen       total 175104K, used 0K [0x00000006c1400000, 0x00000006cbf00000, 0x000000076b180000)
  object space 175104K, 0% used [0x00000006c1400000,0x00000006c1400000,0x00000006cbf00000)
 Metaspace       used 5190K, capacity 5338K, committed 5504K, reserved 1056768K
  class space    used 568K, capacity 631K, committed 640K, reserved 1048576K

Card table byte_map: [0x0000000011a80000,0x0000000012280000] byte_map_base: 0x000000000e476000

Marking Bits: (ParMarkBitMap*) 0x00000000517ed850
 Begin Bits: [0x0000000012e70000, 0x0000000016e20000)
 End Bits:   [0x0000000016e20000, 0x000000001add0000)

Polling page: 0x0000000000120000

CodeCache: size=245760Kb used=1672Kb max_used=1683Kb free=244087Kb
 bounds [0x00000000026c0000, 0x0000000002930000, 0x00000000116c0000]
 total_blobs=594 nmethods=303 adapters=204
 compilation: enabled

Compilation events (10 events):
Event: 0.421 Thread 0x000000001d59a800  298       3       java.lang.ClassLoader::findLoadedClass (16 bytes)
Event: 0.421 Thread 0x000000001d59a800 nmethod 298 0x000000000285b350 code [0x000000000285b4c0, 0x000000000285b6f8]
Event: 1.520 Thread 0x000000001d59a800  300       3       sun.misc.FDBigInteger::mult (64 bytes)
Event: 1.520 Thread 0x000000001d590800  302       4       sun.nio.cs.ext.DoubleByte$Encoder::encodeChar (21 bytes)
Event: 1.520 Thread 0x000000001d59a800 nmethod 300 0x0000000002861ed0 code [0x0000000002862040, 0x00000000028622d0]
Event: 1.520 Thread 0x000000001d59a800  301       3       sun.misc.FDBigInteger::<init> (30 bytes)
Event: 1.520 Thread 0x000000001d59a800 nmethod 301 0x0000000002862590 code [0x0000000002862700, 0x0000000002862928]
Event: 1.520 Thread 0x000000001d59a800  303       3       java.nio.Buffer::remaining (10 bytes)
Event: 1.520 Thread 0x000000001d59a800 nmethod 303 0x000000000285ae50 code [0x000000000285afa0, 0x000000000285b0f0]
Event: 1.521 Thread 0x000000001d590800 nmethod 302 0x0000000002865710 code [0x0000000002865860, 0x0000000002865958]

GC Heap History (0 events):
No events

Deoptimization events (0 events):
No events

Internal exceptions (4 events):
Event: 0.022 Thread 0x00000000004ce800 Exception <a 'java/lang/NoSuchMethodError': Method sun.misc.Unsafe.defineClass(Ljava/lang/String;[BII)Ljava/lang/Class; name or signature does not match> (0x000000076b187ca8) thrown at [C:\re\workspace\8-2-build-windows-amd64-cygwin\jdk8u151\9699\hotspot\
Event: 0.022 Thread 0x00000000004ce800 Exception <a 'java/lang/NoSuchMethodError': Method sun.misc.Unsafe.prefetchRead(Ljava/lang/Object;J)V name or signature does not match> (0x000000076b187f90) thrown at [C:\re\workspace\8-2-build-windows-amd64-cygwin\jdk8u151\9699\hotspot\src\share\vm\prims
Event: 0.116 Thread 0x00000000004ce800 Exception <a 'java/lang/NoSuchFieldError': method resolution failed> (0x000000076b4b34b8) thrown at [C:\re\workspace\8-2-build-windows-amd64-cygwin\jdk8u151\9699\hotspot\src\share\vm\prims\methodHandles.cpp, line 1146]
Event: 0.117 Thread 0x00000000004ce800 Exception <a 'java/lang/NoSuchFieldError': method resolution failed> (0x000000076b4c08b8) thrown at [C:\re\workspace\8-2-build-windows-amd64-cygwin\jdk8u151\9699\hotspot\src\share\vm\prims\methodHandles.cpp, line 1146]

Events (10 events):
Event: 0.419 loading class com/gthings/socket/GthingsSocketLocalServer$1
Event: 0.419 loading class com/gthings/socket/GthingsSocketLocalServer$1 done
Event: 0.419 Thread 0x000000001e27d000 Thread added: 0x000000001e27d000
Event: 0.420 loading class java/net/ServerSocket
Event: 0.420 loading class java/net/ServerSocket done
Event: 0.420 Thread 0x000000001e2d2800 Thread added: 0x000000001e2d2800
Event: 0.421 Thread 0x00000000004ce800 Thread exited: 0x00000000004ce800
Event: 0.421 Thread 0x000000001e2d3000 Thread added: 0x000000001e2d3000
Event: 1.519 loading class sun/misc/FDBigInteger
Event: 1.520 loading class sun/misc/FDBigInteger done


Dynamic libraries:
0x000000013fb20000 - 0x000000013fb57000 	C:\Program Files\Java\jdk1.8.0_151\bin\javaw.exe
0x0000000076fd0000 - 0x000000007717a000 	C:\Windows\SYSTEM32\ntdll.dll
0x0000000076db0000 - 0x0000000076ecf000 	C:\Windows\system32\kernel32.dll
0x000007fefcdb0000 - 0x000007fefce1a000 	C:\Windows\system32\KERNELBASE.dll
0x000007fefd1d0000 - 0x000007fefd2ab000 	C:\Windows\system32\ADVAPI32.dll
0x000007fefd650000 - 0x000007fefd6ef000 	C:\Windows\system32\msvcrt.dll
0x000007fefd4d0000 - 0x000007fefd4ef000 	C:\Windows\SYSTEM32\sechost.dll
0x000007fefdae0000 - 0x000007fefdc0d000 	C:\Windows\system32\RPCRT4.dll
0x0000000076ed0000 - 0x0000000076fca000 	C:\Windows\system32\USER32.dll
0x000007feff270000 - 0x000007feff2d7000 	C:\Windows\system32\GDI32.dll
0x000007fefd7f0000 - 0x000007fefd7fe000 	C:\Windows\system32\LPK.dll
0x000007fefd580000 - 0x000007fefd64a000 	C:\Windows\system32\USP10.dll
0x000007fefb700000 - 0x000007fefb8f4000 	C:\Windows\WinSxS\amd64_microsoft.windows.common-controls_6595b64144ccf1df_6.0.7601.23403_none_e36ad4593102f066\COMCTL32.dll
0x000007fefd500000 - 0x000007fefd571000 	C:\Windows\system32\SHLWAPI.dll
0x000007feff060000 - 0x000007feff08e000 	C:\Windows\system32\IMM32.DLL
0x000007fefd0c0000 - 0x000007fefd1c9000 	C:\Windows\system32\MSCTF.dll
0x00000000604f0000 - 0x00000000605c2000 	C:\Program Files\Java\jdk1.8.0_151\jre\bin\msvcr100.dll
0x0000000050fd0000 - 0x000000005186d000 	C:\Program Files\Java\jdk1.8.0_151\jre\bin\server\jvm.dll
0x000007fee9b60000 - 0x000007fee9b69000 	C:\Windows\system32\WSOCK32.dll
0x000007feff010000 - 0x000007feff05d000 	C:\Windows\system32\WS2_32.dll
0x000007fefd4f0000 - 0x000007fefd4f8000 	C:\Windows\system32\NSI.dll
0x000007fefa9a0000 - 0x000007fefa9db000 	C:\Windows\system32\WINMM.dll
0x000007fefbdf0000 - 0x000007fefbdfc000 	C:\Windows\system32\VERSION.dll
0x0000000077190000 - 0x0000000077197000 	C:\Windows\system32\PSAPI.DLL
0x0000000067990000 - 0x000000006799f000 	C:\Program Files\Java\jdk1.8.0_151\jre\bin\verify.dll
0x0000000060660000 - 0x0000000060689000 	C:\Program Files\Java\jdk1.8.0_151\jre\bin\java.dll
0x0000000067970000 - 0x0000000067986000 	C:\Program Files\Java\jdk1.8.0_151\jre\bin\zip.dll
0x000007fefe280000 - 0x000007feff00a000 	C:\Windows\system32\SHELL32.dll
0x000007fefdc10000 - 0x000007fefde13000 	C:\Windows\system32\ole32.dll
0x000007fefcd10000 - 0x000007fefcd1f000 	C:\Windows\system32\profapi.dll
0x0000000060640000 - 0x000000006065a000 	C:\Program Files\Java\jdk1.8.0_151\jre\bin\net.dll
0x000007fefc3f0000 - 0x000007fefc445000 	C:\Windows\system32\mswsock.dll
0x000007fefc3e0000 - 0x000007fefc3e7000 	C:\Windows\System32\wship6.dll
0x000007fefc0d0000 - 0x000007fefc0d7000 	C:\Windows\System32\wshtcpip.dll
0x000007fefc4a0000 - 0x000007fefc4fb000 	C:\Windows\system32\DNSAPI.dll
0x000007fefa460000 - 0x000007fefa487000 	C:\Windows\system32\IPHLPAPI.DLL
0x000007fefa450000 - 0x000007fefa45b000 	C:\Windows\system32\WINNSI.DLL
0x000007fef70f0000 - 0x000007fef70f8000 	C:\Windows\system32\rasadhlp.dll
0x000007fefa340000 - 0x000007fefa393000 	C:\Windows\System32\fwpuclnt.dll
0x0000000071100000 - 0x0000000071125000 	C:\Users\GIGABYTE\.jssc\windows\jSSC-2.8_x86_64.dll
0x000007fef8330000 - 0x000007fef8455000 	C:\Windows\system32\dbghelp.dll

VM Arguments:
jvm_args: -Dfile.encoding=MS949 
java_command: com.gthings.exe.Run
java_class_path (initial): C:\Program Files\Java\jdk1.8.0_151\jre\lib\resources.jar;C:\Program Files\Java\jdk1.8.0_151\jre\lib\rt.jar;C:\Program Files\Java\jdk1.8.0_151\jre\lib\jsse.jar;C:\Program Files\Java\jdk1.8.0_151\jre\lib\jce.jar;C:\Program Files\Java\jdk1.8.0_151\jre\lib\charsets.jar;C:\Program Files\Java\jdk1.8.0_151\jre\lib\jfr.jar;C:\Program Files\Java\jdk1.8.0_151\jre\lib\ext\access-bridge-64.jar;C:\Program Files\Java\jdk1.8.0_151\jre\lib\ext\cldrdata.jar;C:\Program Files\Java\jdk1.8.0_151\jre\lib\ext\dnsns.jar;C:\Program Files\Java\jdk1.8.0_151\jre\lib\ext\jaccess.jar;C:\Program Files\Java\jdk1.8.0_151\jre\lib\ext\jfxrt.jar;C:\Program Files\Java\jdk1.8.0_151\jre\lib\ext\localedata.jar;C:\Program Files\Java\jdk1.8.0_151\jre\lib\ext\nashorn.jar;C:\Program Files\Java\jdk1.8.0_151\jre\lib\ext\sunec.jar;C:\Program Files\Java\jdk1.8.0_151\jre\lib\ext\sunjce_provider.jar;C:\Program Files\Java\jdk1.8.0_151\jre\lib\ext\sunmscapi.jar;C:\Program Files\Java\jdk1.8.0_151\jre\lib\ext\sunpkcs11.jar;C:\Program Files\Java\jdk1.8.0_151\jre\lib\ext\zipfs.jar;D:\workspace_gthings\GThings_LocalServer_v3.0\bin;D:\workspace_gthings\GThings_LocalServer_v1.3\lib\commons-net-3.6.jar;D:\workspace_gthings\GThings_LocalServer_v1.3\lib\java-json.jar;D:\workspace_gthings\GThings_LocalServer_v1.3\lib\jssc-2.8.0.jar;D:\workspace_gthings\GThings_LocalServer_v3.0\lib\pi4j-core.jar;D:\workspace_gthings\GThings_LocalServer_v3.0\lib\pi4j-device.jar;D:\workspace_gthings\GThings_LocalServer_v3.0\lib\pi4j-gpio-extension.jar
Launcher Type: SUN_STANDARD

Environment Variables:
JAVA_HOME=C:\Program Files\Java\jdk1.8.0_151
PATH=C:/Program Files/Java/jre1.8.0_171/bin/server;C:/Program Files/Java/jre1.8.0_171/bin;C:/Program Files/Java/jre1.8.0_171/lib/amd64;C:\ProgramData\Oracle\Java\javapath;C:\Program Files (x86)\Common Files\Oracle\Java\javapath;C:\Program Files\Java\jdk1.8.0_151\bin;c:\Program Files\Java\jre1.8.0_151;C:\Program Files (x86)\Intel\iCLS Client\;C:\Program Files\Intel\iCLS Client\;C:\Windows\system32;C:\Windows;C:\Windows\System32\Wbem;C:\Windows\System32\WindowsPowerShell\v1.0\;C:\Program Files (x86)\Intel\Intel(R) Management Engine Components\DAL;C:\Program Files\Intel\Intel(R) Management Engine Components\DAL;C:\Program Files (x86)\Intel\Intel(R) Management Engine Components\IPT;C:\Program Files\Intel\Intel(R) Management Engine Components\IPT;d:\android-sdk\platform-tools;d:\android-sdk\tools;C:\Program Files\Java\jdk1.8.0_151\bin;D:\nodejs\;d:\Program Files\Git\cmd;C:\Users\GIGABYTE\AppData\Local\GitHubDesktop\bin;C:\Program Files\Java\jdk1.8.0_151\bin;C:\Users\GIGABYTE\AppData\Roaming\npm;D:\java-oxygen\eclipse;
USERNAME=GIGABYTE
OS=Windows_NT
PROCESSOR_IDENTIFIER=Intel64 Family 6 Model 158 Stepping 9, GenuineIntel



---------------  S Y S T E M  ---------------

OS: Windows 7 , 64 bit Build 7601 (6.1.7601.23572)

CPU:total 4 (initial active 4) (4 cores per cpu, 1 threads per core) family 6 model 158 stepping 9, cmov, cx8, fxsr, mmx, sse, sse2, sse3, ssse3, sse4.1, sse4.2, popcnt, avx, avx2, aes, clmul, erms, rtm, 3dnowpref, lzcnt, tsc, tscinvbit, bmi1, bmi2, adx

Memory: 4k page, physical 16687548k(4906952k free), swap 33373236k(17727292k free)

vm_info: Java HotSpot(TM) 64-Bit Server VM (25.151-b12) for windows-amd64 JRE (1.8.0_151-b12), built on Sep  5 2017 19:33:46 by "java_re" with MS VC++ 10.0 (VS2010)

time: Thu Jul 12 19:17:37 2018
elapsed time: 2 seconds (0d 0h 0m 2s)

